Determining if the function sgemm_ exists failed with the following output:
Change Dir: /home/ncarrara/workspace/EDMC/build/temp.linux-x86_64-3.7/CMakeFiles/CMakeTmp

Run Build Command:"/usr/bin/make" "cmTC_dddfd/fast"
/usr/bin/make -f CMakeFiles/cmTC_dddfd.dir/build.make CMakeFiles/cmTC_dddfd.dir/build
make[1]: Entering directory '/home/ncarrara/workspace/EDMC/build/temp.linux-x86_64-3.7/CMakeFiles/CMakeTmp'
Building C object CMakeFiles/cmTC_dddfd.dir/CheckFunctionExists.c.o
/usr/bin/cc   -DCHECK_FUNCTION_EXISTS=sgemm_   -o CMakeFiles/cmTC_dddfd.dir/CheckFunctionExists.c.o   -c /usr/share/cmake-3.13/Modules/CheckFunctionExists.c
Linking C executable cmTC_dddfd
/usr/bin/cmake -E cmake_link_script CMakeFiles/cmTC_dddfd.dir/link.txt --verbose=1
/usr/bin/cc  -DCHECK_FUNCTION_EXISTS=sgemm_    -rdynamic CMakeFiles/cmTC_dddfd.dir/CheckFunctionExists.c.o  -o cmTC_dddfd 
/usr/bin/ld: CMakeFiles/cmTC_dddfd.dir/CheckFunctionExists.c.o: in function `main':
CheckFunctionExists.c:(.text+0x14): undefined reference to `sgemm_'
collect2: error: ld returned 1 exit status
make[1]: *** [CMakeFiles/cmTC_dddfd.dir/build.make:87: cmTC_dddfd] Error 1
make[1]: Leaving directory '/home/ncarrara/workspace/EDMC/build/temp.linux-x86_64-3.7/CMakeFiles/CMakeTmp'
make: *** [Makefile:121: cmTC_dddfd/fast] Error 2


Determining if the pthread_create exist failed with the following output:
Change Dir: /home/ncarrara/workspace/EDMC/build/temp.linux-x86_64-3.7/CMakeFiles/CMakeTmp

Run Build Command:"/usr/bin/make" "cmTC_b7022/fast"
/usr/bin/make -f CMakeFiles/cmTC_b7022.dir/build.make CMakeFiles/cmTC_b7022.dir/build
make[1]: Entering directory '/home/ncarrara/workspace/EDMC/build/temp.linux-x86_64-3.7/CMakeFiles/CMakeTmp'
Building C object CMakeFiles/cmTC_b7022.dir/CheckSymbolExists.c.o
/usr/bin/cc    -o CMakeFiles/cmTC_b7022.dir/CheckSymbolExists.c.o   -c /home/ncarrara/workspace/EDMC/build/temp.linux-x86_64-3.7/CMakeFiles/CMakeTmp/CheckSymbolExists.c
Linking C executable cmTC_b7022
/usr/bin/cmake -E cmake_link_script CMakeFiles/cmTC_b7022.dir/link.txt --verbose=1
/usr/bin/cc      -rdynamic CMakeFiles/cmTC_b7022.dir/CheckSymbolExists.c.o  -o cmTC_b7022 
/usr/bin/ld: CMakeFiles/cmTC_b7022.dir/CheckSymbolExists.c.o: in function `main':
CheckSymbolExists.c:(.text+0x1f): undefined reference to `pthread_create'
collect2: error: ld returned 1 exit status
make[1]: *** [CMakeFiles/cmTC_b7022.dir/build.make:87: cmTC_b7022] Error 1
make[1]: Leaving directory '/home/ncarrara/workspace/EDMC/build/temp.linux-x86_64-3.7/CMakeFiles/CMakeTmp'
make: *** [Makefile:121: cmTC_b7022/fast] Error 2

File /home/ncarrara/workspace/EDMC/build/temp.linux-x86_64-3.7/CMakeFiles/CMakeTmp/CheckSymbolExists.c:
/* */
#include <pthread.h>

int main(int argc, char** argv)
{
  (void)argv;
#ifndef pthread_create
  return ((int*)(&pthread_create))[argc];
#else
  (void)argc;
  return 0;
#endif
}

Determining if the function pthread_create exists in the pthreads failed with the following output:
Change Dir: /home/ncarrara/workspace/EDMC/build/temp.linux-x86_64-3.7/CMakeFiles/CMakeTmp

Run Build Command:"/usr/bin/make" "cmTC_987ff/fast"
/usr/bin/make -f CMakeFiles/cmTC_987ff.dir/build.make CMakeFiles/cmTC_987ff.dir/build
make[1]: Entering directory '/home/ncarrara/workspace/EDMC/build/temp.linux-x86_64-3.7/CMakeFiles/CMakeTmp'
Building C object CMakeFiles/cmTC_987ff.dir/CheckFunctionExists.c.o
/usr/bin/cc   -DCHECK_FUNCTION_EXISTS=pthread_create   -o CMakeFiles/cmTC_987ff.dir/CheckFunctionExists.c.o   -c /usr/share/cmake-3.13/Modules/CheckFunctionExists.c
Linking C executable cmTC_987ff
/usr/bin/cmake -E cmake_link_script CMakeFiles/cmTC_987ff.dir/link.txt --verbose=1
/usr/bin/cc  -DCHECK_FUNCTION_EXISTS=pthread_create    -rdynamic CMakeFiles/cmTC_987ff.dir/CheckFunctionExists.c.o  -o cmTC_987ff -lpthreads 
/usr/bin/ld: cannot find -lpthreads
collect2: error: ld returned 1 exit status
make[1]: *** [CMakeFiles/cmTC_987ff.dir/build.make:87: cmTC_987ff] Error 1
make[1]: Leaving directory '/home/ncarrara/workspace/EDMC/build/temp.linux-x86_64-3.7/CMakeFiles/CMakeTmp'
make: *** [Makefile:121: cmTC_987ff/fast] Error 2


